[1;35mextra/[0;1m[01;31m[Kfirefox[m[K [1;32m40.0.2-1[0m [1;36m[installed: 36.0.4-1][0m
    Standalone web browser from mozilla.org
[1;35mextra/[0;1m[01;31m[Kfirefox[m[K-i18n-ach [1;32m40.0-1[0m
    Acholi language pack for Firefox
[1;35mextra/[0;1m[01;31m[Kfirefox[m[K-i18n-af [1;32m40.0-1[0m
    Afrikaans language pack for Firefox
[1;35mextra/[0;1m[01;31m[Kfirefox[m[K-i18n-an [1;32m40.0-1[0m
    Aragonese language pack for Firefox
[1;35mextra/[0;1m[01;31m[Kfirefox[m[K-i18n-ar [1;32m40.0-1[0m
    Arabic language pack for Firefox
[1;35mextra/[0;1m[01;31m[Kfirefox[m[K-i18n-as [1;32m40.0-1[0m
    Assamese language pack for Firefox
[1;35mextra/[0;1m[01;31m[Kfirefox[m[K-i18n-ast [1;32m40.0-1[0m
    Asturian language pack for Firefox
[1;35mextra/[0;1m[01;31m[Kfirefox[m[K-i18n-az [1;32m40.0-1[0m
    Azerbaijani language pack for Firefox
[1;35mextra/[0;1m[01;31m[Kfirefox[m[K-i18n-be [1;32m40.0-1[0m
    Belarusian language pack for Firefox
[1;35mextra/[0;1m[01;31m[Kfirefox[m[K-i18n-bg [1;32m40.0-1[0m
    Bulgarian language pack for Firefox
[1;35mextra/[0;1m[01;31m[Kfirefox[m[K-i18n-bn-bd [1;32m40.0-1[0m
    Bengali (Bangladesh) language pack for Firefox
[1;35mextra/[0;1m[01;31m[Kfirefox[m[K-i18n-bn-in [1;32m40.0-1[0m
    Bengali (India) language pack for Firefox
[1;35mextra/[0;1m[01;31m[Kfirefox[m[K-i18n-br [1;32m40.0-1[0m
    Breton language pack for Firefox
[1;35mextra/[0;1m[01;31m[Kfirefox[m[K-i18n-bs [1;32m40.0-1[0m
    Bosnian language pack for Firefox
[1;35mextra/[0;1m[01;31m[Kfirefox[m[K-i18n-ca [1;32m40.0-1[0m
    Catalan language pack for Firefox
[1;35mextra/[0;1m[01;31m[Kfirefox[m[K-i18n-cs [1;32m40.0-1[0m
    Czech language pack for Firefox
[1;35mextra/[0;1m[01;31m[Kfirefox[m[K-i18n-cy [1;32m40.0-1[0m
    Welsh language pack for Firefox
[1;35mextra/[0;1m[01;31m[Kfirefox[m[K-i18n-da [1;32m40.0-1[0m
    Danish language pack for Firefox
[1;35mextra/[0;1m[01;31m[Kfirefox[m[K-i18n-de [1;32m40.0-1[0m
    German language pack for Firefox
[1;35mextra/[0;1m[01;31m[Kfirefox[m[K-i18n-dsb [1;32m40.0-1[0m
    Lower Sorbian language pack for Firefox
[1;35mextra/[0;1m[01;31m[Kfirefox[m[K-i18n-el [1;32m40.0-1[0m
    Greek language pack for Firefox
[1;35mextra/[0;1m[01;31m[Kfirefox[m[K-i18n-en-gb [1;32m40.0-1[0m
    English (British) language pack for Firefox
[1;35mextra/[0;1m[01;31m[Kfirefox[m[K-i18n-en-us [1;32m40.0-1[0m
    English (US) language pack for Firefox
[1;35mextra/[0;1m[01;31m[Kfirefox[m[K-i18n-en-za [1;32m40.0-1[0m
    English (South African) language pack for Firefox
[1;35mextra/[0;1m[01;31m[Kfirefox[m[K-i18n-eo [1;32m40.0-1[0m
    Esperanto language pack for Firefox
[1;35mextra/[0;1m[01;31m[Kfirefox[m[K-i18n-es-ar [1;32m40.0-1[0m
    Spanish (Argentina) language pack for Firefox
[1;35mextra/[0;1m[01;31m[Kfirefox[m[K-i18n-es-cl [1;32m40.0-1[0m
    Spanish (Chile) language pack for Firefox
[1;35mextra/[0;1m[01;31m[Kfirefox[m[K-i18n-es-es [1;32m40.0-1[0m
    Spanish (Spain) language pack for Firefox
[1;35mextra/[0;1m[01;31m[Kfirefox[m[K-i18n-es-mx [1;32m40.0-1[0m
    Spanish (Mexico) language pack for Firefox
[1;35mextra/[0;1m[01;31m[Kfirefox[m[K-i18n-et [1;32m40.0-1[0m
    Estonian language pack for Firefox
[1;35mextra/[0;1m[01;31m[Kfirefox[m[K-i18n-eu [1;32m40.0-1[0m
    Basque language pack for Firefox
[1;35mextra/[0;1m[01;31m[Kfirefox[m[K-i18n-fa [1;32m40.0-1[0m
    Persian language pack for Firefox
[1;35mextra/[0;1m[01;31m[Kfirefox[m[K-i18n-ff [1;32m40.0-1[0m
    Fulah language pack for Firefox
[1;35mextra/[0;1m[01;31m[Kfirefox[m[K-i18n-fi [1;32m40.0-1[0m
    Finnish language pack for Firefox
[1;35mextra/[0;1m[01;31m[Kfirefox[m[K-i18n-fr [1;32m40.0-1[0m
    French language pack for Firefox
[1;35mextra/[0;1m[01;31m[Kfirefox[m[K-i18n-fy-nl [1;32m40.0-1[0m
    Frisian language pack for Firefox
[1;35mextra/[0;1m[01;31m[Kfirefox[m[K-i18n-ga-ie [1;32m40.0-1[0m
    Irish language pack for Firefox
[1;35mextra/[0;1m[01;31m[Kfirefox[m[K-i18n-gd [1;32m40.0-1[0m
    Gaelic (Scotland) language pack for Firefox
[1;35mextra/[0;1m[01;31m[Kfirefox[m[K-i18n-gl [1;32m40.0-1[0m
    Galician language pack for Firefox
[1;35mextra/[0;1m[01;31m[Kfirefox[m[K-i18n-gu-in [1;32m40.0-1[0m
    Gujarati (India) language pack for Firefox
[1;35mextra/[0;1m[01;31m[Kfirefox[m[K-i18n-he [1;32m40.0-1[0m
    Hebrew language pack for Firefox
[1;35mextra/[0;1m[01;31m[Kfirefox[m[K-i18n-hi-in [1;32m40.0-1[0m
    Hindi (India) language pack for Firefox
[1;35mextra/[0;1m[01;31m[Kfirefox[m[K-i18n-hr [1;32m40.0-1[0m
    Croatian language pack for Firefox
[1;35mextra/[0;1m[01;31m[Kfirefox[m[K-i18n-hsb [1;32m40.0-1[0m
    Upper Sorbian language pack for Firefox
[1;35mextra/[0;1m[01;31m[Kfirefox[m[K-i18n-hu [1;32m40.0-1[0m
    Hungarian language pack for Firefox
[1;35mextra/[0;1m[01;31m[Kfirefox[m[K-i18n-hy-am [1;32m40.0-1[0m
    Armenian language pack for Firefox
[1;35mextra/[0;1m[01;31m[Kfirefox[m[K-i18n-id [1;32m40.0-1[0m
    Indonesian language pack for Firefox
[1;35mextra/[0;1m[01;31m[Kfirefox[m[K-i18n-is [1;32m40.0-1[0m
    Icelandic language pack for Firefox
[1;35mextra/[0;1m[01;31m[Kfirefox[m[K-i18n-it [1;32m40.0-1[0m
    Italian language pack for Firefox
[1;35mextra/[0;1m[01;31m[Kfirefox[m[K-i18n-ja [1;32m40.0-1[0m
    Japanese language pack for Firefox
[1;35mextra/[0;1m[01;31m[Kfirefox[m[K-i18n-kk [1;32m40.0-1[0m
    Kazakh language pack for Firefox
[1;35mextra/[0;1m[01;31m[Kfirefox[m[K-i18n-km [1;32m40.0-1[0m
    Khmer language pack for Firefox
[1;35mextra/[0;1m[01;31m[Kfirefox[m[K-i18n-kn [1;32m40.0-1[0m
    Kannada language pack for Firefox
[1;35mextra/[0;1m[01;31m[Kfirefox[m[K-i18n-ko [1;32m40.0-1[0m
    Korean language pack for Firefox
[1;35mextra/[0;1m[01;31m[Kfirefox[m[K-i18n-lij [1;32m40.0-1[0m
    Ligurian language pack for Firefox
[1;35mextra/[0;1m[01;31m[Kfirefox[m[K-i18n-lt [1;32m40.0-1[0m
    Lithuanian language pack for Firefox
[1;35mextra/[0;1m[01;31m[Kfirefox[m[K-i18n-lv [1;32m40.0-1[0m
    Latvian language pack for Firefox
[1;35mextra/[0;1m[01;31m[Kfirefox[m[K-i18n-mai [1;32m40.0-1[0m
    Maithili language pack for Firefox
[1;35mextra/[0;1m[01;31m[Kfirefox[m[K-i18n-mk [1;32m40.0-1[0m
    Macedonian language pack for Firefox
[1;35mextra/[0;1m[01;31m[Kfirefox[m[K-i18n-ml [1;32m40.0-1[0m
    Malayalam language pack for Firefox
[1;35mextra/[0;1m[01;31m[Kfirefox[m[K-i18n-mr [1;32m40.0-1[0m
    Marathi language pack for Firefox
[1;35mextra/[0;1m[01;31m[Kfirefox[m[K-i18n-ms [1;32m40.0-1[0m
    Malay language pack for Firefox
[1;35mextra/[0;1m[01;31m[Kfirefox[m[K-i18n-nb-no [1;32m40.0-1[0m
    Norwegian (Bokmål) language pack for Firefox
[1;35mextra/[0;1m[01;31m[Kfirefox[m[K-i18n-nl [1;32m40.0-1[0m
    Dutch language pack for Firefox
[1;35mextra/[0;1m[01;31m[Kfirefox[m[K-i18n-nn-no [1;32m40.0-1[0m
    Norwegian (Nynorsk) language pack for Firefox
[1;35mextra/[0;1m[01;31m[Kfirefox[m[K-i18n-or [1;32m40.0-1[0m
    Oriya language pack for Firefox
[1;35mextra/[0;1m[01;31m[Kfirefox[m[K-i18n-pa-in [1;32m40.0-1[0m
    Punjabi (India) language pack for Firefox
[1;35mextra/[0;1m[01;31m[Kfirefox[m[K-i18n-pl [1;32m40.0-1[0m
    Polish language pack for Firefox
[1;35mextra/[0;1m[01;31m[Kfirefox[m[K-i18n-pt-br [1;32m40.0-1[0m
    Portuguese (Brazilian) language pack for Firefox
[1;35mextra/[0;1m[01;31m[Kfirefox[m[K-i18n-pt-pt [1;32m40.0-1[0m
    Portuguese (Portugal) language pack for Firefox
[1;35mextra/[0;1m[01;31m[Kfirefox[m[K-i18n-rm [1;32m40.0-1[0m
    Romansh language pack for Firefox
[1;35mextra/[0;1m[01;31m[Kfirefox[m[K-i18n-ro [1;32m40.0-1[0m
    Romanian language pack for Firefox
[1;35mextra/[0;1m[01;31m[Kfirefox[m[K-i18n-ru [1;32m40.0-1[0m
    Russian language pack for Firefox
[1;35mextra/[0;1m[01;31m[Kfirefox[m[K-i18n-si [1;32m40.0-1[0m
    Sinhala language pack for Firefox
[1;35mextra/[0;1m[01;31m[Kfirefox[m[K-i18n-sk [1;32m40.0-1[0m
    Slovak language pack for Firefox
[1;35mextra/[0;1m[01;31m[Kfirefox[m[K-i18n-sl [1;32m40.0-1[0m
    Slovenian language pack for Firefox
[1;35mextra/[0;1m[01;31m[Kfirefox[m[K-i18n-son [1;32m40.0-1[0m
    Songhai language pack for Firefox
[1;35mextra/[0;1m[01;31m[Kfirefox[m[K-i18n-sq [1;32m40.0-1[0m
    Albanian language pack for Firefox
[1;35mextra/[0;1m[01;31m[Kfirefox[m[K-i18n-sr [1;32m40.0-1[0m
    Serbian language pack for Firefox
[1;35mextra/[0;1m[01;31m[Kfirefox[m[K-i18n-sv-se [1;32m40.0-1[0m
    Swedish language pack for Firefox
[1;35mextra/[0;1m[01;31m[Kfirefox[m[K-i18n-ta [1;32m40.0-1[0m
    Tamil language pack for Firefox
[1;35mextra/[0;1m[01;31m[Kfirefox[m[K-i18n-te [1;32m40.0-1[0m
    Telugu language pack for Firefox
[1;35mextra/[0;1m[01;31m[Kfirefox[m[K-i18n-th [1;32m40.0-1[0m
    Thai language pack for Firefox
[1;35mextra/[0;1m[01;31m[Kfirefox[m[K-i18n-tr [1;32m40.0-1[0m
    Turkish language pack for Firefox
[1;35mextra/[0;1m[01;31m[Kfirefox[m[K-i18n-uk [1;32m40.0-1[0m
    Ukrainian language pack for Firefox
[1;35mextra/[0;1m[01;31m[Kfirefox[m[K-i18n-uz [1;32m40.0-1[0m
    Uzbek language pack for Firefox
[1;35mextra/[0;1m[01;31m[Kfirefox[m[K-i18n-vi [1;32m40.0-1[0m
    Vietnamese language pack for Firefox
[1;35mextra/[0;1m[01;31m[Kfirefox[m[K-i18n-xh [1;32m40.0-1[0m
    Xhosa language pack for Firefox
[1;35mextra/[0;1m[01;31m[Kfirefox[m[K-i18n-zh-cn [1;32m40.0-1[0m
    Chinese (Simplified) language pack for Firefox
[1;35mextra/[0;1m[01;31m[Kfirefox[m[K-i18n-zh-tw [1;32m40.0-1[0m
    Chinese (Traditional) language pack for Firefox
[1;35mcommunity/[0;1march-[01;31m[Kfirefox[m[K-search [1;32m0.8.2-7[0m [1;36m[installed: 0.8.2-6][0m
    Firefox Arch search engines (AUR, Pkgs, BBS, Wiki, etc.)
[1;35mcommunity/[0;1mbluegriffon [1;32m1.7.2-3[0m
    The next-generation Web Editor based on the rendering engine of Firefox
[1;35mcommunity/[0;1m[01;31m[Kfirefox[m[K-adblock-plus [1;32m2.6.9-1[0m [1;34m([01;31m[Kfirefox[m[K-addons)[0m
    Extension for [01;31m[Kfirefox[m[K which block ads and banners
[1;35mcommunity/[0;1m[01;31m[Kfirefox[m[K-firebug [1;32m2.0.8-1[0m [1;34m([01;31m[Kfirefox[m[K-addons)[0m
    Firefox extension with tools for web development.
[1;35mcommunity/[0;1m[01;31m[Kfirefox[m[K-noscript [1;32m2.6.9.36-1[0m
    Extension for [01;31m[Kfirefox[m[K which disables script
[1;35mcommunity/[0;1m[01;31m[Kfirefox[m[K-raismth [1;32m4.0.1-1[0m [1;34m([01;31m[Kfirefox[m[K-addons)[0m
    Firefox plugin for watching Rai.tv live channels, vod and replay contents w/o *light (Silverlight/Moonlight)
[1;35mcommunity/[0;1m[01;31m[Kfirefox[m[K-spell-ru [1;32m0.4.5-1[0m
    Russian spellchecker dictionary for Firefox
[1;35mcommunity/[0;1m[01;31m[Kfirefox[m[K-theme-adwaita [1;32m40.1-1[0m
    Adwaita theme for Firefox (Matches the default Gnome Shell theme)
[1;35mcommunity/[0;1motf-fira-mono [1;32m2:3.204-1[0m
    Mozilla's monospace typeface designed for Firefox OS
[1;35mcommunity/[0;1motf-fira-sans [1;32m1:4.104-1[0m
    Mozilla's sans-serif typeface designed for Firefox OS
[1;35mcommunity/[0;1mttf-fira-mono [1;32m2:3.204-1[0m
    Mozilla's monospace typeface designed for Firefox OS
[1;35mcommunity/[0;1mttf-fira-sans [1;32m1:4.104-1[0m
    Mozilla's sans-serif typeface designed for Firefox OS
